#
# There is insufficient memory for the Java Runtime Environment to continue.
# Native memory allocation (malloc) failed to allocate 1048576 bytes for AllocateHeap
# Possible reasons:
#   The system is out of physical RAM or swap space
#   The process is running with CompressedOops enabled, and the Java Heap may be blocking the growth of the native heap
# Possible solutions:
#   Reduce memory load on the system
#   Increase physical memory or swap space
#   Check if swap backing store is full
#   Decrease Java heap size (-Xmx/-Xms)
#   Decrease number of Java threads
#   Decrease Java thread stack sizes (-Xss)
#   Set larger code cache with -XX:ReservedCodeCacheSize=
#   JVM is running with Unscaled Compressed Oops mode in which the Java heap is
#     placed in the first 4GB address space. The Java Heap base address is the
#     maximum limit for the native heap growth. Please use -XX:HeapBaseMinAddress
#     to set the Java Heap base and to place the Java Heap above 4GB virtual address.
# This output file may be truncated or incomplete.
#
#  Out of Memory Error (memory/allocation.inline.hpp:61), pid=28836, tid=0x00000000000032c4
#
# JRE version:  (8.0_231-b11) (build )
# Java VM: Java HotSpot(TM) 64-Bit Server VM (25.231-b11 mixed mode windows-amd64 compressed oops)
# Failed to write core dump. Minidumps are not enabled by default on client versions of Windows
#

---------------  T H R E A D  ---------------

Current thread (0x00000000032f9000):  JavaThread "Unknown thread" [_thread_in_vm, id=12996, stack(0x00000000031f0000,0x00000000032f0000)]

Stack: [0x00000000031f0000,0x00000000032f0000]
[error occurred during error reporting (printing stack bounds), id 0xc0000005]

Native frames: (J=compiled Java code, j=interpreted, Vv=VM code, C=native code)


---------------  P R O C E S S  ---------------

Java Threads: ( => current thread )

Other Threads:

=>0x00000000032f9000 (exited) JavaThread "Unknown thread" [_thread_in_vm, id=12996, stack(0x00000000031f0000,0x00000000032f0000)]

VM state:not at safepoint (normal execution)

VM Mutex/Monitor currently owned by a thread: None

heap address: 0x0000000081200000, size: 2030 MB, Compressed Oops mode: 32-bit
Narrow klass base: 0x0000000000000000, Narrow klass shift: 3
Compressed class space size: 1073741824 Address: 0x0000000100000000

Heap:
 PSYoungGen      total 38400K, used 665K [0x00000000d5b80000, 0x00000000d8600000, 0x0000000100000000)
  eden space 33280K, 2% used [0x00000000d5b80000,0x00000000d5c26670,0x00000000d7c00000)
  from space 5120K, 0% used [0x00000000d8100000,0x00000000d8100000,0x00000000d8600000)
  to   space 5120K, 0% used [0x00000000d7c00000,0x00000000d7c00000,0x00000000d8100000)
 ParOldGen       total 87552K, used 0K [0x0000000081200000, 0x0000000086780000, 0x00000000d5b80000)
  object space 87552K, 0% used [0x0000000081200000,0x0000000081200000,0x0000000086780000)
 Metaspace       used 780K, capacity 4480K, committed 4480K, reserved 1056768K
  class space    used 76K, capacity 384K, committed 384K, reserved 1048576K

Card table byte_map: [0x0000000012910000,0x0000000012d10000] byte_map_base: 0x0000000012507000

Marking Bits: (ParMarkBitMap*) 0x0000000068806d90
 Begin Bits: [0x00000000137c0000, 0x0000000015778000)
 End Bits:   [0x0000000015778000, 0x0000000017730000)

Polling page: 0x0000000000fd0000

CodeCache: size=245760Kb used=328Kb max_used=328Kb free=245431Kb
 bounds [0x0000000003550000, 0x00000000037c0000, 0x0000000012550000]
 total_blobs=58 nmethods=0 adapters=38
 compilation: enabled

Compilation events (0 events):
No events

GC Heap History (0 events):
No events

Deoptimization events (0 events):
No events

Classes redefined (0 events):
No events

Internal exceptions (0 events):
No events

Events (10 events):
Event: 0.053 loading class java/lang/Short
Event: 0.053 loading class java/lang/Short done
Event: 0.053 loading class java/lang/Integer
Event: 0.054 loading class java/lang/Integer done
Event: 0.054 loading class java/lang/Long
Event: 0.054 loading class java/lang/Long done
Event: 0.055 loading class java/lang/NullPointerException
Event: 0.055 loading class java/lang/NullPointerException done
Event: 0.055 loading class java/lang/ArithmeticException
Event: 0.055 loading class java/lang/ArithmeticException done


Dynamic libraries:
0x00007ff7244c0000 - 0x00007ff7244f7000 	D:\java-soft\jdk1.8.0_231\bin\java.exe
0x00007ffa29b80000 - 0x00007ffa29d70000 	C:\Windows\SYSTEM32\ntdll.dll
0x00007ffa299b0000 - 0x00007ffa29a62000 	C:\Windows\System32\KERNEL32.DLL
0x00007ffa27660000 - 0x00007ffa27903000 	C:\Windows\System32\KERNELBASE.dll
0x00007ffa29350000 - 0x00007ffa293f3000 	C:\Windows\System32\ADVAPI32.dll
0x00007ffa28e70000 - 0x00007ffa28f0e000 	C:\Windows\System32\msvcrt.dll
0x00007ffa28500000 - 0x00007ffa28597000 	C:\Windows\System32\sechost.dll
0x00007ffa29180000 - 0x00007ffa292a0000 	C:\Windows\System32\RPCRT4.dll
0x00007ffa28b90000 - 0x00007ffa28d24000 	C:\Windows\System32\USER32.dll
0x00007ffa274e0000 - 0x00007ffa27501000 	C:\Windows\System32\win32u.dll
0x00007ffa290a0000 - 0x00007ffa290c6000 	C:\Windows\System32\GDI32.dll
0x00007ffa27a90000 - 0x00007ffa27c24000 	C:\Windows\System32\gdi32full.dll
0x00007ffa27420000 - 0x00007ffa274be000 	C:\Windows\System32\msvcp_win.dll
0x00007ffa27990000 - 0x00007ffa27a8a000 	C:\Windows\System32\ucrtbase.dll
0x00007ffa181b0000 - 0x00007ffa18435000 	C:\Windows\WinSxS\amd64_microsoft.windows.common-controls_6595b64144ccf1df_6.0.18362.657_none_e6c5b579130e3898\COMCTL32.dll
0x00007ffa28770000 - 0x00007ffa28aa6000 	C:\Windows\System32\combase.dll
0x00007ffa27910000 - 0x00007ffa27990000 	C:\Windows\System32\bcryptPrimitives.dll
0x00007ffa28320000 - 0x00007ffa2834e000 	C:\Windows\System32\IMM32.DLL
0x0000000068d10000 - 0x0000000068de2000 	D:\java-soft\jdk1.8.0_231\jre\bin\msvcr100.dll
0x0000000067fe0000 - 0x0000000068886000 	D:\java-soft\jdk1.8.0_231\jre\bin\server\jvm.dll
0x00007ffa28ff0000 - 0x00007ffa28ff8000 	C:\Windows\System32\PSAPI.DLL
0x00007ffa1f9d0000 - 0x00007ffa1f9da000 	C:\Windows\SYSTEM32\VERSION.dll
0x00007ffa245a0000 - 0x00007ffa245c4000 	C:\Windows\SYSTEM32\WINMM.dll
0x00007ffa12180000 - 0x00007ffa12189000 	C:\Windows\SYSTEM32\WSOCK32.dll
0x00007ffa29020000 - 0x00007ffa2908f000 	C:\Windows\System32\WS2_32.dll
0x00007ffa24120000 - 0x00007ffa2414d000 	C:\Windows\SYSTEM32\WINMMBASE.dll
0x00007ffa26b10000 - 0x00007ffa26b5a000 	C:\Windows\System32\cfgmgr32.dll
0x00007ffa22ba0000 - 0x00007ffa22baf000 	D:\java-soft\jdk1.8.0_231\jre\bin\verify.dll
0x00007ffa1cbd0000 - 0x00007ffa1cbf9000 	D:\java-soft\jdk1.8.0_231\jre\bin\java.dll
0x00007ffa1cb60000 - 0x00007ffa1cb83000 	D:\java-soft\jdk1.8.0_231\jre\bin\instrument.dll
0x00007ffa22510000 - 0x00007ffa22526000 	D:\java-soft\jdk1.8.0_231\jre\bin\zip.dll

VM Arguments:
jvm_args: -XX:TieredStopAtLevel=1 -Xverify:none -Dspring.output.ansi.enabled=always -Dcom.sun.management.jmxremote -Dspring.jmx.enabled=true -Dspring.liveBeansView.mbeanDomain -Dspring.application.admin.enabled=true -javaagent:D:\java-soft\IntelliJ IDEA 2019.2.4\lib\idea_rt.jar=55832:D:\java-soft\IntelliJ IDEA 2019.2.4\bin -Dfile.encoding=UTF-8 
java_command: com.cheng.user.UserApplication2
java_class_path (initial): D:\java-soft\jdk1.8.0_231\jre\lib\charsets.jar;D:\java-soft\jdk1.8.0_231\jre\lib\ext\cldrdata.jar;D:\java-soft\jdk1.8.0_231\jre\lib\ext\dnsns.jar;D:\java-soft\jdk1.8.0_231\jre\lib\ext\localedata.jar;D:\java-soft\jdk1.8.0_231\jre\lib\ext\nashorn.jar;D:\java-soft\jdk1.8.0_231\jre\lib\ext\sunec.jar;D:\java-soft\jdk1.8.0_231\jre\lib\ext\sunjce_provider.jar;D:\java-soft\jdk1.8.0_231\jre\lib\ext\sunmscapi.jar;D:\java-soft\jdk1.8.0_231\jre\lib\ext\sunpkcs11.jar;D:\java-soft\jdk1.8.0_231\jre\lib\ext\zipfs.jar;D:\java-soft\jdk1.8.0_231\jre\lib\jce.jar;D:\java-soft\jdk1.8.0_231\jre\lib\jfr.jar;D:\java-soft\jdk1.8.0_231\jre\lib\jsse.jar;D:\java-soft\jdk1.8.0_231\jre\lib\management-agent.jar;D:\java-soft\jdk1.8.0_231\jre\lib\resources.jar;D:\java-soft\jdk1.8.0_231\jre\lib\rt.jar;D:\java-soft\jdk1.8.0_231\src.zip;F:\git\raytine\raytine\user\target\classes;C:\Users\cheng\.m2\repository\org\springframework\cloud\spring-cloud-starter-netflix-eureka-client\2.2.0.RELEASE\spring-cloud-starter-netflix-eureka-client-2.2.0.RELEASE.jar;C:\Users\cheng\.m2\repository\org\springframework\cloud\spring-cloud-starter\2.2.0.RELEASE\spring-cloud-starter-2.2.0.RELEASE.jar;C:\Users\cheng\.m2\repository\org\springframework\cloud\spring-cloud-context\2.2.0.RELEASE\spring-cloud-context-2.2.0.RELEASE.jar;C:\Users\cheng\.m2\repository\org\springframework\security\spring-security-crypto\5.2.1.RELEASE\spring-security-crypto-5.2.1.RELEASE.jar;C:\Users\cheng\.m2\repository\org\springframework\cloud\spring-cloud-commons\2.2.0.RELEASE\spring-cloud-commons-2.2.0.RELEASE.jar;C:\Users\cheng\.m2\repository\org\springframework\security\spring-security-rsa\1.0.7.RELEASE\spring-security-rsa-1.0.7.RELEASE.jar;C:\Users\cheng\.m2\repository\org\bouncycastle\bcpkix-jdk15on\1.60\bcpkix-jdk15on-1.60.jar;C:\Users\cheng\.m2\repository\org\bouncycastle\bcprov-jdk15on\1.60\bcprov-jdk15on-1.60.jar;C:\Users\cheng\.m2\repository\org\springframework\cloud\spring-cloud-netflix-hystrix\2.2.0.RELEASE\spr
Launcher Type: SUN_STANDARD

Environment Variables:
JAVA_HOME=D:\java-soft\jdk1.8.0_231
PATH=D:\java-soft\Xshell6\;D:\java-soft\Xftp6\;C:\Program Files (x86)\Common Files\Oracle\Java\javapath;C:\Windows\system32;C:\Windows;C:\Windows\System32\Wbem;C:\Windows\System32\WindowsPowerShell\v1.0\;C:\Windows\System32\OpenSSH\;C:\Program Files (x86)\NVIDIA Corporation\PhysX\Common;C:\Program Files\NVIDIA Corporation\NVIDIA NvDLISR;D:\java-soft\jdk1.8.0_231\bin;D:\java-soft\apache-maven-3.6.2\bin;D:\java-soft\orcale_client\network\admin\;D:\java-soft\apache-cxf-3.3.4\bin;C:\Program Files\TortoiseSVN\bin;D:\java-soft\Git\cmd;C:\Users\cheng\AppData\Local\Microsoft\WindowsApps;
USERNAME=cheng
OS=Windows_NT
PROCESSOR_IDENTIFIER=Intel64 Family 6 Model 158 Stepping 10, GenuineIntel



---------------  S Y S T E M  ---------------

OS: Windows 10.0 , 64 bit Build 18362 (10.0.18362.329)

CPU:total 8 (initial active 8) (4 cores per cpu, 2 threads per core) family 6 model 158 stepping 10, cmov, cx8, fxsr, mmx, sse, sse2, sse3, ssse3, sse4.1, sse4.2, popcnt, avx, avx2, aes, clmul, erms, 3dnowpref, lzcnt, ht, tsc, tscinvbit, bmi1, bmi2, adx

Memory: 4k page, physical 8306932k(984600k free), swap 23772356k(6104k free)

vm_info: Java HotSpot(TM) 64-Bit Server VM (25.231-b11) for windows-amd64 JRE (1.8.0_231-b11), built on Oct  5 2019 03:11:30 by "java_re" with MS VC++ 10.0 (VS2010)

time: Tue Mar 17 17:00:43 2020
timezone: 中国标准时间
elapsed time: 0 seconds (0d 0h 0m 0s)

